<?xml version="1.0" encoding="UTF-8"?>
<!-- Generated by org.testng.reporters.JUnitReportReporter -->
<testsuite hostname="GRD-LTP-119" failures="0" tests="1" name="com.absli.gps.masterpolicy.maker.page.testcases.TC_MPM_030_MasterPolicyWith6BenefitsAndRidersWithVariantTypeAsCRCRCC" time="66.720" errors="0" timestamp="2024-08-08T16:31:53 IST" skipped="0">
  <testcase classname="com.absli.gps.masterpolicy.maker.page.testcases.TC_MPM_030_MasterPolicyWith6BenefitsAndRidersWithVariantTypeAsCRCRCC" name="createAMasterPolicyWith6BenefitsAndRidersWithVariantTypeAsCRCRCC" time="66.720"/>
</testsuite> <!-- com.absli.gps.masterpolicy.maker.page.testcases.TC_MPM_030_MasterPolicyWith6BenefitsAndRidersWithVariantTypeAsCRCRCC -->
