<?xml version="1.0" encoding="UTF-8"?>
<!-- Generated by org.testng.reporters.JUnitReportReporter -->
<testsuite hostname="GRD-LTP-119" failures="0" tests="1" name="com.absli.gps.underwriting.testcases.gpsUWDecision.TC_GPSUWD_003_VerifyTheErrorPopupMessagesForRateUpDecisionInGPSUWDecisionPage" time="45.835" errors="0" timestamp="2024-10-04T12:05:52 IST" skipped="0">
  <testcase classname="com.absli.gps.underwriting.testcases.gpsUWDecision.TC_GPSUWD_003_VerifyTheErrorPopupMessagesForRateUpDecisionInGPSUWDecisionPage" name="VerifyErrorPopupMessagesForStandardRateInGPSUWDecisionPage" time="45.835"/>
</testsuite> <!-- com.absli.gps.underwriting.testcases.gpsUWDecision.TC_GPSUWD_003_VerifyTheErrorPopupMessagesForRateUpDecisionInGPSUWDecisionPage -->
