<?xml version="1.0" encoding="UTF-8"?>
<!-- Generated by org.testng.reporters.JUnitReportReporter -->
<testsuite hostname="GRD-LTP-119" failures="0" tests="4" name="com.absli.testCases.UnderwritingDetailsFunctionalityTest" time="84.800" errors="0" timestamp="2024-06-13T14:06:52 IST" skipped="0">
  <testcase classname="com.absli.testCases.UnderwritingDetailsFunctionalityTest" name="approveTheMemberFromUnderwritingDetailsToCoreUW" time="19.926"/>
  <system-out/>
  <testcase classname="com.absli.testCases.UnderwritingDetailsFunctionalityTest" name="approveTheMemberFromUnderwritingDetailsToCoreUW" time="23.045"/>
  <system-out/>
  <testcase classname="com.absli.testCases.UnderwritingDetailsFunctionalityTest" name="approveTheMemberFromUnderwritingDetailsToCoreUW" time="19.439"/>
  <system-out/>
  <testcase classname="com.absli.testCases.UnderwritingDetailsFunctionalityTest" name="approveTheMemberFromUnderwritingDetailsToCoreUW" time="22.390"/>
  <system-out/>
</testsuite> <!-- com.absli.testCases.UnderwritingDetailsFunctionalityTest -->
