<?xml version="1.0" encoding="UTF-8"?>
<!-- Generated by org.testng.reporters.JUnitReportReporter -->
<testsuite hostname="GRD-LTP-119" failures="0" tests="1" name="com.absli.gby.master.policy.maker.page.testcases.MasterPolicyMakerWithGPSBaseBenefitAndVariantType" time="47.635" errors="0" timestamp="2024-06-20T11:57:19 IST" skipped="0">
  <testcase classname="com.absli.gby.master.policy.maker.page.testcases.MasterPolicyMakerWithGPSBaseBenefitAndVariantType" name="createMasterPolicyMakerWithGPSBaseBenefitAndVariantType" time="47.635"/>
</testsuite> <!-- com.absli.gby.master.policy.maker.page.testcases.MasterPolicyMakerWithGPSBaseBenefitAndVariantType -->
