<?xml version="1.0" encoding="UTF-8"?>
<!-- Generated by org.testng.reporters.JUnitReportReporter -->
<testsuite hostname="GRD-LTP-119" failures="0" tests="4" name="com.absli.testCases.CoreUnderwritingFunctionalityTest" time="92.713" errors="0" timestamp="2024-06-13T14:06:52 IST" skipped="0">
  <testcase classname="com.absli.testCases.CoreUnderwritingFunctionalityTest" name="approveTheMemberFromCoreUWPageToUWDecision" time="24.357"/>
  <system-out/>
  <testcase classname="com.absli.testCases.CoreUnderwritingFunctionalityTest" name="approveTheMemberFromCoreUWPageToUWDecision" time="22.289"/>
  <system-out/>
  <testcase classname="com.absli.testCases.CoreUnderwritingFunctionalityTest" name="approveTheMemberFromCoreUWPageToUWDecision" time="23.021"/>
  <system-out/>
  <testcase classname="com.absli.testCases.CoreUnderwritingFunctionalityTest" name="approveTheMemberFromCoreUWPageToUWDecision" time="23.046"/>
  <system-out/>
</testsuite> <!-- com.absli.testCases.CoreUnderwritingFunctionalityTest -->
