<?xml version="1.0" encoding="UTF-8"?>
<!-- Generated by org.testng.reporters.JUnitReportReporter -->
<testsuite hostname="GRD-LTP-119" failures="0" tests="1" name="com.absli.gps.masterpolicy.maker.page.testcases.TC_MPM_104_MasterPolicyWith5BenefitsAndRidersWithVariantTypeAsGcRRGcR" time="86.573" errors="0" timestamp="2024-07-31T17:20:32 IST" skipped="0">
  <testcase classname="com.absli.gps.masterpolicy.maker.page.testcases.TC_MPM_104_MasterPolicyWith5BenefitsAndRidersWithVariantTypeAsGcRRGcR" name="createAMasterPolicyWith5BenefitsAndRidersWithVariantTypeAsGcRRGcR" time="86.573"/>
</testsuite> <!-- com.absli.gps.masterpolicy.maker.page.testcases.TC_MPM_104_MasterPolicyWith5BenefitsAndRidersWithVariantTypeAsGcRRGcR -->
