<?xml version="1.0" encoding="UTF-8"?>
<!-- Generated by org.testng.reporters.JUnitReportReporter -->
<testsuite hostname="GRD-LTP-119" failures="0" tests="1" name="com.absli.gps.masterpolicy.maker.page.testcases.TC_MPM_032_MasterPolicyWith6BenefitsAndRidersWithVariantTypeAsCRCCCR" time="68.458" errors="0" timestamp="2024-08-08T16:51:30 IST" skipped="0">
  <testcase classname="com.absli.gps.masterpolicy.maker.page.testcases.TC_MPM_032_MasterPolicyWith6BenefitsAndRidersWithVariantTypeAsCRCCCR" name="createAMasterPolicyWith6BenefitsAndRidersWithVariantTypeAsCRCCCR" time="68.458"/>
</testsuite> <!-- com.absli.gps.masterpolicy.maker.page.testcases.TC_MPM_032_MasterPolicyWith6BenefitsAndRidersWithVariantTypeAsCRCCCR -->
