<?xml version="1.0" encoding="UTF-8"?>
<!-- Generated by org.testng.reporters.JUnitReportReporter -->
<testsuite hostname="GRD-LTP-119" failures="0" tests="1" name="com.absli.testCases.LogOutFun" time="9.852" errors="0" timestamp="2024-04-08T18:30:10 IST" skipped="0">
  <testcase classname="com.absli.testCases.LogOutFun" name="logOUT" time="9.852"/>
  <system-out/>
</testsuite> <!-- com.absli.testCases.LogOutFun -->
