<?xml version="1.0" encoding="UTF-8"?>
<!-- Generated by org.testng.reporters.JUnitReportReporter -->
<testsuite hostname="GRD-LTP-119" failures="0" tests="4" name="com.absli.testCases.GPSUWDecisionFunctionalityTest" time="88.379" errors="0" timestamp="2024-06-13T14:06:52 IST" skipped="0">
  <testcase classname="com.absli.testCases.GPSUWDecisionFunctionalityTest" name="approveTheMemberFromUWDEcision" time="22.137"/>
  <system-out/>
  <testcase classname="com.absli.testCases.GPSUWDecisionFunctionalityTest" name="approveTheMemberFromUWDEcision" time="22.890"/>
  <system-out/>
  <testcase classname="com.absli.testCases.GPSUWDecisionFunctionalityTest" name="approveTheMemberFromUWDEcision" time="20.804"/>
  <system-out/>
  <testcase classname="com.absli.testCases.GPSUWDecisionFunctionalityTest" name="approveTheMemberFromUWDEcision" time="22.548"/>
  <system-out/>
</testsuite> <!-- com.absli.testCases.GPSUWDecisionFunctionalityTest -->
