<?xml version="1.0" encoding="UTF-8"?>
<!-- Generated by org.testng.reporters.JUnitReportReporter -->
<testsuite hostname="GRD-LTP-119" failures="0" tests="1" name="com.absli.gps.masterpolicy.maker.page.testcases.TC_MPM_107_MasterPolicyWith5BenefitsAndRidersWithVariantTypeAsGcRRGcGc" time="102.059" errors="0" timestamp="2024-08-01T10:17:43 IST" skipped="0">
  <testcase classname="com.absli.gps.masterpolicy.maker.page.testcases.TC_MPM_107_MasterPolicyWith5BenefitsAndRidersWithVariantTypeAsGcRRGcGc" name="createAMasterPolicyWith5BenefitsAndRidersWithVariantTypeAsGcRRGcGc" time="102.059"/>
</testsuite> <!-- com.absli.gps.masterpolicy.maker.page.testcases.TC_MPM_107_MasterPolicyWith5BenefitsAndRidersWithVariantTypeAsGcRRGcGc -->
