<?xml version="1.0" encoding="UTF-8"?>
<!-- Generated by org.testng.reporters.JUnitReportReporter -->
<testsuite hostname="GRD-LTP-119" failures="0" tests="1" name="com.absli.gps.masterpolicy.maker.page.testcases.TC_MPM_048_MasterPolicyWithMQquestionnaireAnd2BenefitAndRidersWithVariantTypeAsMemberSelectableSalaryMultipleAndRider" time="63.445" errors="0" timestamp="2024-08-07T14:52:20 IST" skipped="0">
  <testcase classname="com.absli.gps.masterpolicy.maker.page.testcases.TC_MPM_048_MasterPolicyWithMQquestionnaireAnd2BenefitAndRidersWithVariantTypeAsMemberSelectableSalaryMultipleAndRider" name="createAMasterPolicyWithMQquestionnaireAnd2BenefitAndRidersWithVariantTypeAsMemberSelectableSalaryMultipleAndRider" time="63.445"/>
</testsuite> <!-- com.absli.gps.masterpolicy.maker.page.testcases.TC_MPM_048_MasterPolicyWithMQquestionnaireAnd2BenefitAndRidersWithVariantTypeAsMemberSelectableSalaryMultipleAndRider -->
