<?xml version="1.0" encoding="UTF-8"?>
<!-- Generated by org.testng.reporters.JUnitReportReporter -->
<testsuite hostname="GRD-LTP-119" failures="0" tests="1" name="com.absli.gps.masterpolicy.maker.page.testcases.TC_MPM_022_MasterPolicyWith5BenefitsAndRidersWithVariantTypeAsCRRCR" time="60.127" errors="0" timestamp="2024-08-08T15:35:39 IST" skipped="0">
  <testcase classname="com.absli.gps.masterpolicy.maker.page.testcases.TC_MPM_022_MasterPolicyWith5BenefitsAndRidersWithVariantTypeAsCRRCR" name="createAMasterPolicyWith4BenefitsAndRidersWithVariantTypeAsCRRCR" time="60.127"/>
</testsuite> <!-- com.absli.gps.masterpolicy.maker.page.testcases.TC_MPM_022_MasterPolicyWith5BenefitsAndRidersWithVariantTypeAsCRRCR -->
