<?xml version="1.0" encoding="UTF-8"?>
<!-- Generated by org.testng.reporters.JUnitReportReporter -->
<testsuite hostname="GRD-LTP-119" failures="0" tests="1" name="com.absli.gps.masterpolicy.maker.page.testcases.TC_MPM_029_MasterPolicyWith5BenefitsAndRidersWithVariantTypeAsCRRCCC" time="79.501" errors="0" timestamp="2024-07-08T11:31:20 IST" skipped="0">
  <testcase classname="com.absli.gps.masterpolicy.maker.page.testcases.TC_MPM_029_MasterPolicyWith5BenefitsAndRidersWithVariantTypeAsCRRCCC" name="createAMasterPolicyWith4BenefitsAndRidersWithVariantTypeAsCRRCCC" time="79.501"/>
</testsuite> <!-- com.absli.gps.masterpolicy.maker.page.testcases.TC_MPM_029_MasterPolicyWith5BenefitsAndRidersWithVariantTypeAsCRRCCC -->
