<?xml version="1.0" encoding="UTF-8"?>
<!-- Generated by org.testng.reporters.JUnitReportReporter -->
<testsuite hostname="GRD-LTP-119" failures="0" tests="1" name="com.absli.gps.masterpolicy.maker.page.testcases.TC_MPM_122_MasterPolicyWith5BenefitsAndRidersWithVariantTypeAsGcsmRRRGcsm" time="82.305" errors="0" timestamp="2024-08-01T16:41:05 IST" skipped="0">
  <testcase classname="com.absli.gps.masterpolicy.maker.page.testcases.TC_MPM_122_MasterPolicyWith5BenefitsAndRidersWithVariantTypeAsGcsmRRRGcsm" name="createAMasterPolicyWith5BenefitsAndRidersWithVariantTypeAsGcsmRRRGcsm" time="82.305"/>
</testsuite> <!-- com.absli.gps.masterpolicy.maker.page.testcases.TC_MPM_122_MasterPolicyWith5BenefitsAndRidersWithVariantTypeAsGcsmRRRGcsm -->
