<?xml version="1.0" encoding="UTF-8"?>
<!-- Generated by org.testng.reporters.JUnitReportReporter -->
<testsuite hostname="GRD-LTP-119" failures="0" tests="1" name="com.absli.gps.masterpolicy.maker.page.testcases.TC_MPM_081_MasterPolicyWith4BenefitsAndRidersWithVariantTypeAsFsgaRRR" time="57.821" errors="0" timestamp="2024-08-09T14:12:02 IST" skipped="0">
  <testcase classname="com.absli.gps.masterpolicy.maker.page.testcases.TC_MPM_081_MasterPolicyWith4BenefitsAndRidersWithVariantTypeAsFsgaRRR" name="createAMasterPolicyWith4BenefitsAndRidersWithVariantTypeAsFsgaRRR" time="57.821"/>
</testsuite> <!-- com.absli.gps.masterpolicy.maker.page.testcases.TC_MPM_081_MasterPolicyWith4BenefitsAndRidersWithVariantTypeAsFsgaRRR -->
