<?xml version="1.0" encoding="UTF-8"?>
<!-- Generated by org.testng.reporters.JUnitReportReporter -->
<testsuite hostname="GRD-LTP-119" failures="0" tests="1" name="com.absli.gps.masterpolicy.maker.page.testcases.TC_MPM_130_VerifyTheErrorPopUpMessagesForGradedCover" time="57.892" errors="0" timestamp="2024-08-19T17:54:58 IST" skipped="0">
  <testcase classname="com.absli.gps.masterpolicy.maker.page.testcases.TC_MPM_130_VerifyTheErrorPopUpMessagesForGradedCover" name="verifyErrorPopUpMessagesForGradedCover" time="57.892"/>
</testsuite> <!-- com.absli.gps.masterpolicy.maker.page.testcases.TC_MPM_130_VerifyTheErrorPopUpMessagesForGradedCover -->
