<?xml version="1.0" encoding="UTF-8"?>
<!-- Generated by org.testng.reporters.JUnitReportReporter -->
<testsuite hostname="GRD-LTP-119" failures="0" tests="1" name="com.absli.gps.masterpolicy.maker.page.testcases.TC_MPM_031_MasterPolicyWith6BenefitsAndRidersWithVariantTypeAsCRCCRC" time="70.971" errors="0" timestamp="2024-08-08T16:38:59 IST" skipped="0">
  <testcase classname="com.absli.gps.masterpolicy.maker.page.testcases.TC_MPM_031_MasterPolicyWith6BenefitsAndRidersWithVariantTypeAsCRCCRC" name="createAMasterPolicyWith4BenefitsAndRidersWithVariantTypeAsCRCCRC" time="70.971"/>
</testsuite> <!-- com.absli.gps.masterpolicy.maker.page.testcases.TC_MPM_031_MasterPolicyWith6BenefitsAndRidersWithVariantTypeAsCRCCRC -->
