<?xml version="1.0" encoding="UTF-8"?>
<!-- Generated by org.testng.reporters.JUnitReportReporter -->
<testsuite hostname="GRD-LTP-119" failures="0" tests="1" name="com.absli.gps.masterpolicy.checker.page.testcases.TC_MPC_002_SendBackToMakerFunctionality" time="27.156" errors="0" timestamp="2024-07-11T14:39:36 IST" skipped="0">
  <testcase classname="com.absli.gps.masterpolicy.checker.page.testcases.TC_MPC_002_SendBackToMakerFunctionality" name="sendBackToMakerFunctionalityTest" time="27.156"/>
</testsuite> <!-- com.absli.gps.masterpolicy.checker.page.testcases.TC_MPC_002_SendBackToMakerFunctionality -->
