<?xml version="1.0" encoding="UTF-8"?>
<!-- Generated by org.testng.reporters.JUnitReportReporter -->
<testsuite hostname="GRD-LTP-119" failures="0" tests="1" name="com.absli.gps.masterpolicy.maker.page.testcases.TC_MPM_115_MasterPolicyWith5BenefitsAndRidersWithVariantTypeAsFsgaRRFsgaFsga" time="66.121" errors="0" timestamp="2024-08-12T11:09:29 IST" skipped="0">
  <testcase classname="com.absli.gps.masterpolicy.maker.page.testcases.TC_MPM_115_MasterPolicyWith5BenefitsAndRidersWithVariantTypeAsFsgaRRFsgaFsga" name="createAMasterPolicyWith5BenefitsAndRidersWithVariantTypeAsFsgaRRFsgaFsga" time="66.121"/>
</testsuite> <!-- com.absli.gps.masterpolicy.maker.page.testcases.TC_MPM_115_MasterPolicyWith5BenefitsAndRidersWithVariantTypeAsFsgaRRFsgaFsga -->
