<?xml version="1.0" encoding="UTF-8"?>
<!-- Generated by org.testng.reporters.JUnitReportReporter -->
<testsuite hostname="GRD-LTP-119" failures="0" tests="1" name="com.absli.gps.masterpolicy.maker.page.testcases.TC_MPM_045_MasterPolicyWithSFQquestionnaireAndVariantTypeAsMemberSelectableSalaryMultiple" time="57.184" errors="0" timestamp="2024-07-10T15:27:03 IST" skipped="0">
  <testcase classname="com.absli.gps.masterpolicy.maker.page.testcases.TC_MPM_045_MasterPolicyWithSFQquestionnaireAndVariantTypeAsMemberSelectableSalaryMultiple" name="createAMasterPolicyWithSFQquestionnaireAndVariantTypeAsMemberSelectableSalaryMultiple" time="57.184"/>
</testsuite> <!-- com.absli.gps.masterpolicy.maker.page.testcases.TC_MPM_045_MasterPolicyWithSFQquestionnaireAndVariantTypeAsMemberSelectableSalaryMultiple -->
