<?xml version="1.0" encoding="UTF-8"?>
<!-- Generated by org.testng.reporters.JUnitReportReporter -->
<testsuite hostname="GRD-LTP-119" failures="0" tests="1" name="com.absli.gps.masterpolicy.maker.page.testcases.TC_MPM_129_VerifyTheErrorPopUpMessagesForMultipleOfSalary" time="59.025" errors="0" timestamp="2024-08-19T13:12:40 IST" skipped="0">
  <testcase classname="com.absli.gps.masterpolicy.maker.page.testcases.TC_MPM_129_VerifyTheErrorPopUpMessagesForMultipleOfSalary" name="verifyErrorPopUpMessagesForMultipleOfSalary" time="59.025"/>
</testsuite> <!-- com.absli.gps.masterpolicy.maker.page.testcases.TC_MPM_129_VerifyTheErrorPopUpMessagesForMultipleOfSalary -->
