<?xml version="1.0" encoding="UTF-8"?>
<!-- Generated by org.testng.reporters.JUnitReportReporter -->
<testsuite hostname="GRD-LTP-119" failures="0" tests="1" name="com.absli.gps.masterpolicy.maker.page.testcases.TC_MPM_035_MasterPolicyWith6BenefitsAndRidersWithVariantTypeAsCRCCRR" time="65.203" errors="0" timestamp="2024-08-08T17:13:55 IST" skipped="0">
  <testcase classname="com.absli.gps.masterpolicy.maker.page.testcases.TC_MPM_035_MasterPolicyWith6BenefitsAndRidersWithVariantTypeAsCRCCRR" name="createAMasterPolicyWith4BenefitsAndRidersWithVariantTypeAsCRCCRR" time="65.203"/>
</testsuite> <!-- com.absli.gps.masterpolicy.maker.page.testcases.TC_MPM_035_MasterPolicyWith6BenefitsAndRidersWithVariantTypeAsCRCCRR -->
