<?xml version="1.0" encoding="UTF-8"?>
<!-- Generated by org.testng.reporters.JUnitReportReporter -->
<testsuite hostname="GRD-LTP-119" failures="0" tests="1" name="com.absli.gps.masterpolicy.maker.page.testcases.TC_MPM_019_MasterPolicyWith4BenefitsAndRidersWithVariantTypeAsCRRR" time="58.952" errors="0" timestamp="2024-08-08T15:25:12 IST" skipped="0">
  <testcase classname="com.absli.gps.masterpolicy.maker.page.testcases.TC_MPM_019_MasterPolicyWith4BenefitsAndRidersWithVariantTypeAsCRRR" name="createAMasterPolicyWith4BenefitsAndRidersWithVariantTypeAsCRRR" time="58.952"/>
</testsuite> <!-- com.absli.gps.masterpolicy.maker.page.testcases.TC_MPM_019_MasterPolicyWith4BenefitsAndRidersWithVariantTypeAsCRRR -->
