<?xml version="1.0" encoding="UTF-8"?>
<!-- Generated by org.testng.reporters.JUnitReportReporter -->
<testsuite hostname="GRD-LTP-119" failures="0" tests="1" name="com.absli.gps.masterpolicy.maker.page.testcases.TC_MPM_056_MasterPolicyWith3BenefitsAndRidersWithVariantTypeAsFsaRFsa" time="59.165" errors="0" timestamp="2024-08-09T10:01:50 IST" skipped="0">
  <testcase classname="com.absli.gps.masterpolicy.maker.page.testcases.TC_MPM_056_MasterPolicyWith3BenefitsAndRidersWithVariantTypeAsFsaRFsa" name="createAMasterPolicyWith3BenefitsAndRidersWithVariantTypeAsFsaRFsa" time="59.165"/>
</testsuite> <!-- com.absli.gps.masterpolicy.maker.page.testcases.TC_MPM_056_MasterPolicyWith3BenefitsAndRidersWithVariantTypeAsFsaRFsa -->
