<?xml version="1.0" encoding="UTF-8"?>
<!-- Generated by org.testng.reporters.JUnitReportReporter -->
<testsuite hostname="GRD-LTP-119" failures="0" tests="1" name="com.absli.gps.masterpolicy.maker.page.testcases.TC_MPM_005_MasterPolicyMakerWithGPSBaseBenefitAndFutureServiceGratuityAmount" time="51.778" errors="0" timestamp="2024-08-08T12:44:05 IST" skipped="0">
  <testcase classname="com.absli.gps.masterpolicy.maker.page.testcases.TC_MPM_005_MasterPolicyMakerWithGPSBaseBenefitAndFutureServiceGratuityAmount" name="createAMasterPolicyWithFutureServiceGratuityAmount" time="51.778"/>
</testsuite> <!-- com.absli.gps.masterpolicy.maker.page.testcases.TC_MPM_005_MasterPolicyMakerWithGPSBaseBenefitAndFutureServiceGratuityAmount -->
