<?xml version="1.0" encoding="UTF-8"?>
<!-- Generated by org.testng.reporters.JUnitReportReporter -->
<testsuite hostname="GRD-LTP-119" failures="0" tests="1" name="com.absli.gps.masterpolicy.maker.page.testcases.TC_MPM_070_MasterPolicyWith4BenefitsAndRidersWithVariantTypeAsMosRMosMos" time="58.501" errors="0" timestamp="2024-08-09T12:36:37 IST" skipped="0">
  <testcase classname="com.absli.gps.masterpolicy.maker.page.testcases.TC_MPM_070_MasterPolicyWith4BenefitsAndRidersWithVariantTypeAsMosRMosMos" name="createAMasterPolicyWith4BenefitsAndRidersWithVariantTypeAsMosRMosMos" time="58.501"/>
</testsuite> <!-- com.absli.gps.masterpolicy.maker.page.testcases.TC_MPM_070_MasterPolicyWith4BenefitsAndRidersWithVariantTypeAsMosRMosMos -->
