<?xml version="1.0" encoding="UTF-8"?>
<!-- Generated by org.testng.reporters.JUnitReportReporter -->
<testsuite hostname="GRD-LTP-119" failures="0" tests="1" name="com.absli.client.organization.testcases.ClientOrganizationWithGradeAndWithOutGST" time="43.564" errors="0" timestamp="2024-07-03T10:56:41 IST" skipped="0">
  <testcase classname="com.absli.client.organization.testcases.ClientOrganizationWithGradeAndWithOutGST" name="createClientWithMandatoryFieldsAndGradeWithOutGST" time="43.564"/>
</testsuite> <!-- com.absli.client.organization.testcases.ClientOrganizationWithGradeAndWithOutGST -->
