<?xml version="1.0" encoding="UTF-8"?>
<!-- Generated by org.testng.reporters.JUnitReportReporter -->
<testsuite hostname="GRD-LTP-119" failures="0" tests="1" name="com.absli.testCases.MasterPolicyMakerFunctionality" time="115.836" errors="0" timestamp="2024-05-14T10:52:26 IST" skipped="0">
  <testcase classname="com.absli.testCases.MasterPolicyMakerFunctionality" name="checkingTheMasterPolicyMaker" time="115.836"/>
  <system-out/>
</testsuite> <!-- com.absli.testCases.MasterPolicyMakerFunctionality -->
