<?xml version="1.0" encoding="UTF-8"?>
<!-- Generated by org.testng.reporters.JUnitReportReporter -->
<testsuite hostname="GRD-LTP-119" failures="0" tests="1" name="com.absli.gps.masterpolicy.maker.page.testcases.TC_MPM_062_MasterPolicyWith3BenefitsAndRidersWithVariantTypeAsFsgaRFsga" time="55.671" errors="0" timestamp="2024-08-09T11:15:59 IST" skipped="0">
  <testcase classname="com.absli.gps.masterpolicy.maker.page.testcases.TC_MPM_062_MasterPolicyWith3BenefitsAndRidersWithVariantTypeAsFsgaRFsga" name="createAMasterPolicyWith3BenefitsAndRidersWithVariantTypeAsFsgaRFsga" time="55.671"/>
</testsuite> <!-- com.absli.gps.masterpolicy.maker.page.testcases.TC_MPM_062_MasterPolicyWith3BenefitsAndRidersWithVariantTypeAsFsgaRFsga -->
