<?xml version="1.0" encoding="UTF-8"?>
<!-- Generated by org.testng.reporters.JUnitReportReporter -->
<testsuite hostname="GRD-LTP-119" failures="0" tests="1" name="com.absli.gps.masterpolicy.maker.page.testcases.TC_MPM_108_MasterPolicyWith5BenefitsAndRidersWithVariantTypeAsGcRGcRR" time="91.151" errors="0" timestamp="2024-08-01T10:37:20 IST" skipped="0">
  <testcase classname="com.absli.gps.masterpolicy.maker.page.testcases.TC_MPM_108_MasterPolicyWith5BenefitsAndRidersWithVariantTypeAsGcRGcRR" name="createAMasterPolicyWith5BenefitsAndRidersWithVariantTypeAsGcRGcRR" time="91.151"/>
</testsuite> <!-- com.absli.gps.masterpolicy.maker.page.testcases.TC_MPM_108_MasterPolicyWith5BenefitsAndRidersWithVariantTypeAsGcRGcRR -->
