<?xml version="1.0" encoding="UTF-8"?>
<!-- Generated by org.testng.reporters.JUnitReportReporter -->
<testsuite hostname="GRD-LTP-119" failures="0" tests="1" name="com.absli.gps.underwriting.testcases.TC_CUW_003_VerifyTheErrorPopupMessagesForRateUpDecisionInUWDecisionPage" time="21.812" errors="0" timestamp="2024-09-30T17:45:16 IST" skipped="0">
  <testcase classname="com.absli.gps.underwriting.testcases.TC_CUW_003_VerifyTheErrorPopupMessagesForRateUpDecisionInUWDecisionPage" name="VerifyErrorPopupMessagesForRateUpDecisionInCoreUW" time="21.812"/>
</testsuite> <!-- com.absli.gps.underwriting.testcases.TC_CUW_003_VerifyTheErrorPopupMessagesForRateUpDecisionInUWDecisionPage -->
