<?xml version="1.0" encoding="UTF-8"?>
<!-- Generated by org.testng.reporters.JUnitReportReporter -->
<testsuite hostname="GRD-LTP-119" failures="0" tests="1" name="com.absli.gps.underwriting.testcases.gpsUWDecision.TC_GPSUWD_002_VerifyTheErrorPopupMessagesForStandardRateInGPSUWDecisionPage" time="25.679" errors="0" timestamp="2024-10-03T17:08:25 IST" skipped="0">
  <testcase classname="com.absli.gps.underwriting.testcases.gpsUWDecision.TC_GPSUWD_002_VerifyTheErrorPopupMessagesForStandardRateInGPSUWDecisionPage" name="VerifyErrorPopupMessagesForStandardRateInGPSUWDecisionPage" time="25.679"/>
</testsuite> <!-- com.absli.gps.underwriting.testcases.gpsUWDecision.TC_GPSUWD_002_VerifyTheErrorPopupMessagesForStandardRateInGPSUWDecisionPage -->
