<?xml version="1.0" encoding="UTF-8"?>
<!-- Generated by org.testng.reporters.JUnitReportReporter -->
<testsuite hostname="GRD-LTP-119" failures="0" tests="1" name="com.absli.gps.masterpolicy.maker.page.testcases.TC_MPM_066_MasterPolicyWith4BenefitsAndRidersWithVariantTypeAsFsaRFsaFsa" time="62.554" errors="0" timestamp="2024-08-09T12:08:27 IST" skipped="0">
  <testcase classname="com.absli.gps.masterpolicy.maker.page.testcases.TC_MPM_066_MasterPolicyWith4BenefitsAndRidersWithVariantTypeAsFsaRFsaFsa" name="createAMasterPolicyWith4BenefitsAndRidersWithVariantTypeAsFsaRFsaFsa" time="62.554"/>
</testsuite> <!-- com.absli.gps.masterpolicy.maker.page.testcases.TC_MPM_066_MasterPolicyWith4BenefitsAndRidersWithVariantTypeAsFsaRFsaFsa -->
