<?xml version="1.0" encoding="UTF-8"?>
<!-- Generated by org.testng.reporters.JUnitReportReporter -->
<testsuite hostname="GRD-LTP-119" failures="0" tests="1" name="com.absli.testCases.MasterPolicyFunctionality" time="114.142" errors="0" timestamp="2024-05-14T11:34:01 IST" skipped="0">
  <testcase classname="com.absli.testCases.MasterPolicyFunctionality" name="masterPolicyEx" time="114.142"/>
  <system-out/>
</testsuite> <!-- com.absli.testCases.MasterPolicyFunctionality -->
