<?xml version="1.0" encoding="UTF-8"?>
<!-- Generated by org.testng.reporters.JUnitReportReporter -->
<testsuite hostname="GRD-LTP-119" failures="0" tests="1" name="com.absli.gps.masterpolicy.maker.page.testcases.TC_MPM_052_MasterPolicyWithSFQquestionnaireAnd2BenefitAndRidersWithVariantTypeAsVariableTypeSumAssuredAndRider" time="59.642" errors="0" timestamp="2024-07-11T11:14:53 IST" skipped="0">
  <testcase classname="com.absli.gps.masterpolicy.maker.page.testcases.TC_MPM_052_MasterPolicyWithSFQquestionnaireAnd2BenefitAndRidersWithVariantTypeAsVariableTypeSumAssuredAndRider" name="createAMasterPolicyWithSFQquestionnaireAnd2BenefitAndRidersWithVariantTypeAsVariableTypeSumAssuredAndRider" time="59.642"/>
</testsuite> <!-- com.absli.gps.masterpolicy.maker.page.testcases.TC_MPM_052_MasterPolicyWithSFQquestionnaireAnd2BenefitAndRidersWithVariantTypeAsVariableTypeSumAssuredAndRider -->
