<?xml version="1.0" encoding="UTF-8"?>
<!-- Generated by org.testng.reporters.JUnitReportReporter -->
<testsuite hostname="GRD-LTP-119" failures="0" tests="4" name="com.absli.testCases.CreateAClientOrga" time="196.380" errors="0" timestamp="2024-06-14T11:31:14 IST" skipped="0">
  <testcase classname="com.absli.testCases.CreateAClientOrga" name="createClientWithMandatoryFieldsAndWithoutGST" time="45.486"/>
  <system-out/>
  <testcase classname="com.absli.testCases.CreateAClientOrga" name="createClientWithMandatoryFieldsAndWithGST" time="43.433"/>
  <system-out/>
  <testcase classname="com.absli.testCases.CreateAClientOrga" name="createClientWithMandatoryFieldsAndGradeWithOutGST" time="51.257"/>
  <system-out/>
  <testcase classname="com.absli.testCases.CreateAClientOrga" name="createClientWithMandatoryFieldsAndWithGSTAndGrade" time="56.204"/>
  <system-out/>
</testsuite> <!-- com.absli.testCases.CreateAClientOrga -->
