<?xml version="1.0" encoding="UTF-8"?>
<!-- Generated by org.testng.reporters.JUnitReportReporter -->
<testsuite hostname="GRD-LTP-119" failures="0" tests="1" name="com.absli.gps.masterpolicy.maker.page.testcases.TC_MPM_121_MasterPolicyWith5BenefitsAndRidersWithVariantTypeAsGcsmRGcsmGcsmR" time="93.965" errors="0" timestamp="2024-08-01T16:26:25 IST" skipped="0">
  <testcase classname="com.absli.gps.masterpolicy.maker.page.testcases.TC_MPM_121_MasterPolicyWith5BenefitsAndRidersWithVariantTypeAsGcsmRGcsmGcsmR" name="createAMasterPolicyWith5BenefitsAndRidersWithVariantTypeAsGcsmRGcsmGcsmR" time="93.965"/>
</testsuite> <!-- com.absli.gps.masterpolicy.maker.page.testcases.TC_MPM_121_MasterPolicyWith5BenefitsAndRidersWithVariantTypeAsGcsmRGcsmGcsmR -->
