<?xml version="1.0" encoding="UTF-8"?>
<!-- Generated by org.testng.reporters.JUnitReportReporter -->
<testsuite hostname="GRD-LTP-119" failures="0" tests="1" name="com.absli.gps.masterpolicy.maker.page.testcases.TC_MPM_106_MasterPolicyWith5BenefitsAndRidersWithVariantTypeAsGcRRRGc" time="85.009" errors="0" timestamp="2024-07-31T18:03:43 IST" skipped="0">
  <testcase classname="com.absli.gps.masterpolicy.maker.page.testcases.TC_MPM_106_MasterPolicyWith5BenefitsAndRidersWithVariantTypeAsGcRRRGc" name="createAMasterPolicyWith5BenefitsAndRidersWithVariantTypeAsGcRRRGc" time="85.009"/>
</testsuite> <!-- com.absli.gps.masterpolicy.maker.page.testcases.TC_MPM_106_MasterPolicyWith5BenefitsAndRidersWithVariantTypeAsGcRRRGc -->
