<?xml version="1.0" encoding="UTF-8"?>
<!-- Generated by org.testng.reporters.JUnitReportReporter -->
<testsuite hostname="GRD-LTP-119" failures="0" tests="1" name="com.absli.gps.masterpolicy.maker.page.testcases.TC_MPM_038_MasterPolicyWith6BenefitsAndRidersWithVariantTypeAsCRCRRR" time="69.094" errors="0" timestamp="2024-08-08T17:53:05 IST" skipped="0">
  <testcase classname="com.absli.gps.masterpolicy.maker.page.testcases.TC_MPM_038_MasterPolicyWith6BenefitsAndRidersWithVariantTypeAsCRCRRR" name="createAMasterPolicyWith6BenefitsAndRidersWithVariantTypeAsCRCRRR" time="69.094"/>
</testsuite> <!-- com.absli.gps.masterpolicy.maker.page.testcases.TC_MPM_038_MasterPolicyWith6BenefitsAndRidersWithVariantTypeAsCRCRRR -->
