<?xml version="1.0" encoding="UTF-8"?>
<!-- Generated by org.testng.reporters.JUnitReportReporter -->
<testsuite hostname="GRD-LTP-119" failures="0" tests="1" name="com.absli.gps.masterpolicy.maker.page.testcases.TC_MPM_053_MasterPolicyWithSFQquestionnaireAnd2BenefitAndRidersWithVariantTypeAsVoluntaryCustomerDefinedSAAndRider" time="57.696" errors="0" timestamp="2024-07-11T11:28:23 IST" skipped="0">
  <testcase classname="com.absli.gps.masterpolicy.maker.page.testcases.TC_MPM_053_MasterPolicyWithSFQquestionnaireAnd2BenefitAndRidersWithVariantTypeAsVoluntaryCustomerDefinedSAAndRider" name="createAMasterPolicyWithSFQquestionnaireAnd2BenefitAndRidersWithVariantTypeAsVoluntaryCustomerDefinedSAAndRider" time="57.696"/>
</testsuite> <!-- com.absli.gps.masterpolicy.maker.page.testcases.TC_MPM_053_MasterPolicyWithSFQquestionnaireAnd2BenefitAndRidersWithVariantTypeAsVoluntaryCustomerDefinedSAAndRider -->
