<?xml version="1.0" encoding="UTF-8"?>
<!-- Generated by org.testng.reporters.JUnitReportReporter -->
<testsuite hostname="GRD-LTP-119" failures="0" tests="1" name="com.absli.gps.masterpolicy.maker.page.testcases.TC_MPM_050_MasterPolicyWithMQquestionnaireAnd2BenefitAndRidersWithVariantTypeAsVoluntaryCustomerDefinedSAAndRider" time="55.683" errors="0" timestamp="2024-07-10T17:18:00 IST" skipped="0">
  <testcase classname="com.absli.gps.masterpolicy.maker.page.testcases.TC_MPM_050_MasterPolicyWithMQquestionnaireAnd2BenefitAndRidersWithVariantTypeAsVoluntaryCustomerDefinedSAAndRider" name="createAMasterPolicyWithMQquestionnaireAnd2BenefitAndRidersWithVariantTypeAsVoluntaryCustomerDefinedSAAndRider" time="55.683"/>
</testsuite> <!-- com.absli.gps.masterpolicy.maker.page.testcases.TC_MPM_050_MasterPolicyWithMQquestionnaireAnd2BenefitAndRidersWithVariantTypeAsVoluntaryCustomerDefinedSAAndRider -->
