<?xml version="1.0" encoding="UTF-8"?>
<!-- Generated by org.testng.reporters.JUnitReportReporter -->
<testsuite hostname="GRD-LTP-119" failures="0" tests="1" name="com.absli.gps.masterpolicy.maker.page.testcases.TC_MPM_103_MasterPolicyWith5BenefitsAndRidersWithVariantTypeAsGcRGcRGc" time="95.073" errors="0" timestamp="2024-07-31T15:37:57 IST" skipped="0">
  <testcase classname="com.absli.gps.masterpolicy.maker.page.testcases.TC_MPM_103_MasterPolicyWith5BenefitsAndRidersWithVariantTypeAsGcRGcRGc" name="createAMasterPolicyWith5BenefitsAndRidersWithVariantTypeAsGcRGcRGc" time="95.073"/>
</testsuite> <!-- com.absli.gps.masterpolicy.maker.page.testcases.TC_MPM_103_MasterPolicyWith5BenefitsAndRidersWithVariantTypeAsGcRGcRGc -->
