<?xml version="1.0" encoding="UTF-8"?>
<!-- Generated by org.testng.reporters.JUnitReportReporter -->
<testsuite hostname="GRD-LTP-119" failures="0" tests="1" name="com.absli.client.organization.testcases.ClientOrganizationWithGradeAndGST" time="66.305" errors="0" timestamp="2024-10-07T10:45:33 IST" skipped="0">
  <testcase classname="com.absli.client.organization.testcases.ClientOrganizationWithGradeAndGST" name="createClientWithMandatoryFieldsAndWithGSTAndGrade" time="66.305"/>
</testsuite> <!-- com.absli.client.organization.testcases.ClientOrganizationWithGradeAndGST -->
