<?xml version="1.0" encoding="UTF-8"?>
<!-- Generated by org.testng.reporters.JUnitReportReporter -->
<testsuite hostname="GRD-LTP-119" failures="0" tests="1" name="com.absli.gps.masterpolicy.maker.page.testcases.TC_MPM_054_MasterPolicyWithEmployerEmployeeNischintAnd1BenefitWithVariantTypeAsGradedCover" time="59.298" errors="0" timestamp="2024-08-08T18:19:22 IST" skipped="0">
  <testcase classname="com.absli.gps.masterpolicy.maker.page.testcases.TC_MPM_054_MasterPolicyWithEmployerEmployeeNischintAnd1BenefitWithVariantTypeAsGradedCover" name="createAMasterPolicyWithEmployerEmployeeNischintAnd1BenefitWithVariantTypeAsGradedCover" time="59.298"/>
</testsuite> <!-- com.absli.gps.masterpolicy.maker.page.testcases.TC_MPM_054_MasterPolicyWithEmployerEmployeeNischintAnd1BenefitWithVariantTypeAsGradedCover -->
