<?xml version="1.0" encoding="UTF-8"?>
<!-- Generated by org.testng.reporters.JUnitReportReporter -->
<testsuite hostname="GRD-LTP-119" failures="0" tests="1" name="com.absli.gps.masterpolicy.maker.page.testcases.TC_MPM_095_MasterPolicyWith5BenefitsAndRidersWithVariantTypeAsMosRMosRMos" time="65.144" errors="0" timestamp="2024-08-09T14:58:05 IST" skipped="0">
  <testcase classname="com.absli.gps.masterpolicy.maker.page.testcases.TC_MPM_095_MasterPolicyWith5BenefitsAndRidersWithVariantTypeAsMosRMosRMos" name="createAMasterPolicyWith5BenefitsAndRidersWithVariantTypeAsMosRMosRMos" time="65.144"/>
</testsuite> <!-- com.absli.gps.masterpolicy.maker.page.testcases.TC_MPM_095_MasterPolicyWith5BenefitsAndRidersWithVariantTypeAsMosRMosRMos -->
