<?xml version="1.0" encoding="UTF-8"?>
<!-- Generated by org.testng.reporters.JUnitReportReporter -->
<testsuite hostname="GRD-LTP-119" failures="0" tests="1" name="com.absli.gps.masterpolicy.maker.page.testcases.TC_MPM_080_MasterPolicyWith4BenefitsAndRidersWithVariantTypeAsFsgaRRFsga" time="61.521" errors="0" timestamp="2024-08-09T14:09:33 IST" skipped="0">
  <testcase classname="com.absli.gps.masterpolicy.maker.page.testcases.TC_MPM_080_MasterPolicyWith4BenefitsAndRidersWithVariantTypeAsFsgaRRFsga" name="createAMasterPolicyWith4BenefitsAndRidersWithVariantTypeAsFsgaRRFsga" time="61.521"/>
</testsuite> <!-- com.absli.gps.masterpolicy.maker.page.testcases.TC_MPM_080_MasterPolicyWith4BenefitsAndRidersWithVariantTypeAsFsgaRRFsga -->
