<?xml version="1.0" encoding="UTF-8"?>
<!-- Generated by org.testng.reporters.JUnitReportReporter -->
<testsuite hostname="GRD-LTP-119" failures="0" tests="1" name="com.absli.gps.masterpolicy.maker.page.testcases.TC_MPM_056_MasterPolicyWith3BenefitsAndRidersWithVariantTypeAsFsaRR" time="90.064" errors="0" timestamp="2024-07-16T11:18:23 IST" skipped="0">
  <testcase classname="com.absli.gps.masterpolicy.maker.page.testcases.TC_MPM_056_MasterPolicyWith3BenefitsAndRidersWithVariantTypeAsFsaRR" name="createAMasterPolicyWith3BenefitsAndRidersWithVariantTypeAsFsaRR" time="90.064"/>
</testsuite> <!-- com.absli.gps.masterpolicy.maker.page.testcases.TC_MPM_056_MasterPolicyWith3BenefitsAndRidersWithVariantTypeAsFsaRR -->
