<?xml version="1.0" encoding="UTF-8"?>
<!-- Generated by org.testng.reporters.JUnitReportReporter -->
<testsuite hostname="GRD-LTP-119" failures="0" tests="1" name="com.absli.gps.masterpolicy.maker.page.testcases.TC_MPM_066_MasterPolicyWith3BenefitsAndRidersWithVariantTypeAsFsaRFsaFsa" time="64.431" errors="0" timestamp="2024-07-17T13:46:08 IST" skipped="0">
  <testcase classname="com.absli.gps.masterpolicy.maker.page.testcases.TC_MPM_066_MasterPolicyWith3BenefitsAndRidersWithVariantTypeAsFsaRFsaFsa" name="createAMasterPolicyWith3BenefitsAndRidersWithVariantTypeAsFsaRFsaFsa" time="64.431"/>
</testsuite> <!-- com.absli.gps.masterpolicy.maker.page.testcases.TC_MPM_066_MasterPolicyWith3BenefitsAndRidersWithVariantTypeAsFsaRFsaFsa -->
