<?xml version="1.0" encoding="UTF-8"?>
<!-- Generated by org.testng.reporters.JUnitReportReporter -->
<testsuite hostname="GRD-LTP-119" failures="0" tests="1" name="com.absli.gps.masterpolicy.maker.page.testcases.TC_MPM_118_MasterPolicyWith5BenefitsAndRidersWithVariantTypeAsGcsmRGcsmGcsmGcsm" time="97.626" errors="0" timestamp="2024-08-12T11:18:31 IST" skipped="0">
  <testcase classname="com.absli.gps.masterpolicy.maker.page.testcases.TC_MPM_118_MasterPolicyWith5BenefitsAndRidersWithVariantTypeAsGcsmRGcsmGcsmGcsm" name="createAMasterPolicyWith5BenefitsAndRidersWithVariantTypeAsGcsmRGcsmGcsmGcsm" time="97.626"/>
</testsuite> <!-- com.absli.gps.masterpolicy.maker.page.testcases.TC_MPM_118_MasterPolicyWith5BenefitsAndRidersWithVariantTypeAsGcsmRGcsmGcsmGcsm -->
