<?xml version="1.0" encoding="UTF-8"?>
<!-- Generated by org.testng.reporters.JUnitReportReporter -->
<testsuite hostname="GRD-LTP-119" failures="0" tests="1" name="com.absli.gps.masterpolicy.maker.page.testcases.TC_MPM_010_MasterPolicyWithMandatoryFieldsAndMultipleOfSalaryWithInBuiltRider" time="58.793" errors="0" timestamp="2024-08-08T14:27:51 IST" skipped="0">
  <testcase classname="com.absli.gps.masterpolicy.maker.page.testcases.TC_MPM_010_MasterPolicyWithMandatoryFieldsAndMultipleOfSalaryWithInBuiltRider" name="createAMasterPolicyWithMandatoryFieldsAndMultipleOfSalaryWithInBuiltRider" time="58.793"/>
</testsuite> <!-- com.absli.gps.masterpolicy.maker.page.testcases.TC_MPM_010_MasterPolicyWithMandatoryFieldsAndMultipleOfSalaryWithInBuiltRider -->
