<?xml version="1.0" encoding="UTF-8"?>
<!-- Generated by org.testng.reporters.JUnitReportReporter -->
<testsuite hostname="GRD-LTP-119" failures="0" tests="1" name="com.absli.gps.masterpolicy.maker.page.testcases.TC_MPM_093_MasterPolicyWith5BenefitsAndRidersWithVariantTypeAsFsaRRRR" time="62.105" errors="0" timestamp="2024-08-09T14:51:43 IST" skipped="0">
  <testcase classname="com.absli.gps.masterpolicy.maker.page.testcases.TC_MPM_093_MasterPolicyWith5BenefitsAndRidersWithVariantTypeAsFsaRRRR" name="createAMasterPolicyWith5BenefitsAndRidersWithVariantTypeAsFsaRRRR" time="62.105"/>
</testsuite> <!-- com.absli.gps.masterpolicy.maker.page.testcases.TC_MPM_093_MasterPolicyWith5BenefitsAndRidersWithVariantTypeAsFsaRRRR -->
