<?xml version="1.0" encoding="UTF-8"?>
<!-- Generated by org.testng.reporters.JUnitReportReporter -->
<testsuite hostname="GRD-LTP-119" failures="0" tests="2" name="com.absli.gps.underwriting.testcases.underwritingDetails.TC_UWD_002_VerifyTheErrorPopupMessagesInUWDetailsPage" time="57.821" errors="0" timestamp="2024-09-25T13:39:24 IST" skipped="0">
  <testcase classname="com.absli.gps.underwriting.testcases.underwritingDetails.TC_UWD_002_VerifyTheErrorPopupMessagesInUWDetailsPage" name="verifyAErrorPopupMessagesInUWDetails" time="37.279"/>
  <testcase classname="com.absli.gps.underwriting.testcases.underwritingDetails.TC_UWD_002_VerifyTheErrorPopupMessagesInUWDetailsPage" name="verifyAErrorPopupMessagesInUWDetails" time="20.542"/>
</testsuite> <!-- com.absli.gps.underwriting.testcases.underwritingDetails.TC_UWD_002_VerifyTheErrorPopupMessagesInUWDetailsPage -->
