<?xml version="1.0" encoding="UTF-8"?>
<!-- Generated by org.testng.reporters.JUnitReportReporter -->
<testsuite hostname="GRD-LTP-119" failures="0" tests="1" name="com.absli.gps.masterpolicy.maker.page.testcases.TC_MPM_016_MasterPolicyWith4BenefitsAndRidersWithVariantTypeAsCRCC" time="57.977" errors="0" timestamp="2024-08-08T15:08:49 IST" skipped="0">
  <testcase classname="com.absli.gps.masterpolicy.maker.page.testcases.TC_MPM_016_MasterPolicyWith4BenefitsAndRidersWithVariantTypeAsCRCC" name="createAMasterPolicyWith4BenefitsAndRidersWithVariantTypeAsCRCC" time="57.977"/>
</testsuite> <!-- com.absli.gps.masterpolicy.maker.page.testcases.TC_MPM_016_MasterPolicyWith4BenefitsAndRidersWithVariantTypeAsCRCC -->
