<?xml version="1.0" encoding="UTF-8"?>
<!-- Generated by org.testng.reporters.JUnitReportReporter -->
<testsuite hostname="GRD-LTP-119" failures="0" tests="1" name="com.absli.gps.masterpolicy.maker.page.testcases.TC_MPM_073_MasterPolicyWith4BenefitsAndRidersWithVariantTypeAsMosRRR" time="58.916" errors="0" timestamp="2024-08-09T13:39:03 IST" skipped="0">
  <testcase classname="com.absli.gps.masterpolicy.maker.page.testcases.TC_MPM_073_MasterPolicyWith4BenefitsAndRidersWithVariantTypeAsMosRRR" name="createAMasterPolicyWith4BenefitsAndRidersWithVariantTypeAsMosRRR" time="58.916"/>
</testsuite> <!-- com.absli.gps.masterpolicy.maker.page.testcases.TC_MPM_073_MasterPolicyWith4BenefitsAndRidersWithVariantTypeAsMosRRR -->
