<?xml version="1.0" encoding="UTF-8"?>
<!-- Generated by org.testng.reporters.JUnitReportReporter -->
<testsuite hostname="GRD-LTP-119" failures="0" tests="1" name="com.absli.gps.masterpolicy.maker.page.testcases.TC_MPM_102_MasterPolicyWith5BenefitsAndRidersWithVariantTypeAsGcRGcGcGc" time="96.334" errors="0" timestamp="2024-08-09T16:00:27 IST" skipped="0">
  <testcase classname="com.absli.gps.masterpolicy.maker.page.testcases.TC_MPM_102_MasterPolicyWith5BenefitsAndRidersWithVariantTypeAsGcRGcGcGc" name="createAMasterPolicyWith5BenefitsAndRidersWithVariantTypeAsGcRGcGcGc" time="96.334"/>
</testsuite> <!-- com.absli.gps.masterpolicy.maker.page.testcases.TC_MPM_102_MasterPolicyWith5BenefitsAndRidersWithVariantTypeAsGcRGcGcGc -->
