<?xml version="1.0" encoding="UTF-8"?>
<!-- Generated by org.testng.reporters.JUnitReportReporter -->
<testsuite hostname="GRD-LTP-119" failures="0" tests="1" name="com.absli.gps.masterpolicy.maker.page.testcases.TC_MPM_064_MasterPolicyWith3BenefitsAndRidersWithVariantTypeAsGcsmRGcsm" time="74.791" errors="0" timestamp="2024-08-09T11:29:20 IST" skipped="0">
  <testcase classname="com.absli.gps.masterpolicy.maker.page.testcases.TC_MPM_064_MasterPolicyWith3BenefitsAndRidersWithVariantTypeAsGcsmRGcsm" name="createAMasterPolicyWith3BenefitsAndRidersWithVariantTypeAsGcsmRGcsm" time="74.791"/>
</testsuite> <!-- com.absli.gps.masterpolicy.maker.page.testcases.TC_MPM_064_MasterPolicyWith3BenefitsAndRidersWithVariantTypeAsGcsmRGcsm -->
