<?xml version="1.0" encoding="UTF-8"?>
<!-- Generated by org.testng.reporters.JUnitReportReporter -->
<testsuite hostname="GRD-LTP-119" failures="0" tests="1" name="com.absli.gps.masterpolicy.maker.page.testcases.TC_MPM_018_MasterPolicyWith4BenefitsAndRidersWithVariantTypeAsCRRC" time="58.593" errors="0" timestamp="2024-08-08T15:16:41 IST" skipped="0">
  <testcase classname="com.absli.gps.masterpolicy.maker.page.testcases.TC_MPM_018_MasterPolicyWith4BenefitsAndRidersWithVariantTypeAsCRRC" name="createAMasterPolicyWith4BenefitsAndRidersWithVariantTypeAsCRRC" time="58.593"/>
</testsuite> <!-- com.absli.gps.masterpolicy.maker.page.testcases.TC_MPM_018_MasterPolicyWith4BenefitsAndRidersWithVariantTypeAsCRRC -->
