<?xml version="1.0" encoding="UTF-8"?>
<!-- Generated by org.testng.reporters.JUnitReportReporter -->
<testsuite hostname="GRD-LTP-119" failures="0" tests="1" name="com.absli.gps.masterpolicy.maker.page.testcases.TC_MPM_059_MasterPolicyWith3BenefitsAndRidersWithVariantTypeAsMsRR" time="65.057" errors="0" timestamp="2024-08-09T10:33:09 IST" skipped="0">
  <testcase classname="com.absli.gps.masterpolicy.maker.page.testcases.TC_MPM_059_MasterPolicyWith3BenefitsAndRidersWithVariantTypeAsMsRR" name="createAMasterPolicyWith3BenefitsAndRidersWithVariantTypeAsMsRR" time="65.057"/>
</testsuite> <!-- com.absli.gps.masterpolicy.maker.page.testcases.TC_MPM_059_MasterPolicyWith3BenefitsAndRidersWithVariantTypeAsMsRR -->
