<?xml version="1.0" encoding="UTF-8"?>
<!-- Generated by org.testng.reporters.JUnitReportReporter -->
<testsuite hostname="GRD-LTP-119" failures="0" tests="1" name="com.absli.client.organization.testcases.ClientOrganizationWithOutGST" time="41.014" errors="0" timestamp="2024-07-03T10:44:58 IST" skipped="0">
  <testcase classname="com.absli.client.organization.testcases.ClientOrganizationWithOutGST" name="createClientWithMandatoryFieldsAndWithoutGST" time="41.014"/>
</testsuite> <!-- com.absli.client.organization.testcases.ClientOrganizationWithOutGST -->
