<?xml version="1.0" encoding="UTF-8"?>
<!-- Generated by org.testng.reporters.JUnitReportReporter -->
<testsuite hostname="GRD-LTP-119" failures="0" tests="3" name="com.absli.testCases.MasterPolicyCheckerFunctionalityTest" time="73.830" errors="0" timestamp="2024-05-30T16:08:01 IST" skipped="0">
  <testcase classname="com.absli.testCases.MasterPolicyCheckerFunctionalityTest" name="masterPolicyCheckerPage" time="22.659"/>
  <system-out/>
  <testcase classname="com.absli.testCases.MasterPolicyCheckerFunctionalityTest" name="masterPolicyCheckerPage" time="22.578"/>
  <system-out/>
  <testcase classname="com.absli.testCases.MasterPolicyCheckerFunctionalityTest" name="masterPolicyCheckerPage" time="28.593"/>
  <system-out/>
</testsuite> <!-- com.absli.testCases.MasterPolicyCheckerFunctionalityTest -->
