<?xml version="1.0" encoding="UTF-8"?>
<!-- Generated by org.testng.reporters.JUnitReportReporter -->
<testsuite hostname="GRD-LTP-119" failures="0" tests="1" name="com.absli.gps.masterpolicy.maker.page.testcases.TC_MPM_004_MasterPolicyMakerWithGPSBaseBenefitAndGradedCover" time="64.197" errors="0" timestamp="2024-08-08T12:45:20 IST" skipped="0">
  <testcase classname="com.absli.gps.masterpolicy.maker.page.testcases.TC_MPM_004_MasterPolicyMakerWithGPSBaseBenefitAndGradedCover" name="createAMasterPolicyWithGradedCover" time="64.197"/>
</testsuite> <!-- com.absli.gps.masterpolicy.maker.page.testcases.TC_MPM_004_MasterPolicyMakerWithGPSBaseBenefitAndGradedCover -->
