<?xml version="1.0" encoding="UTF-8"?>
<!-- Generated by org.testng.reporters.JUnitReportReporter -->
<testsuite hostname="GRD-LTP-119" failures="0" tests="1" name="com.absli.testCases.LogInFun" time="0.372" errors="0" timestamp="2024-05-07T16:01:12 IST" skipped="0">
  <testcase classname="com.absli.testCases.LogInFun" name="loginFun" time="0.372"/>
  <system-out/>
</testsuite> <!-- com.absli.testCases.LogInFun -->
