<?xml version="1.0" encoding="UTF-8"?>
<!-- Generated by org.testng.reporters.JUnitReportReporter -->
<testsuite hostname="GRD-LTP-119" failures="0" tests="1" name="com.absli.gps.masterpolicy.maker.page.testcases.TC_MPM_094_MasterPolicyWith5BenefitsAndRidersWithVariantTypeAsMosRMosMosMos" time="66.523" errors="0" timestamp="2024-08-09T14:55:21 IST" skipped="0">
  <testcase classname="com.absli.gps.masterpolicy.maker.page.testcases.TC_MPM_094_MasterPolicyWith5BenefitsAndRidersWithVariantTypeAsMosRMosMosMos" name="createAMasterPolicyWith5BenefitsAndRidersWithVariantTypeAsMosRMosMosMos" time="66.523"/>
</testsuite> <!-- com.absli.gps.masterpolicy.maker.page.testcases.TC_MPM_094_MasterPolicyWith5BenefitsAndRidersWithVariantTypeAsMosRMosMosMos -->
