<?xml version="1.0" encoding="UTF-8"?>
<!-- Generated by org.testng.reporters.JUnitReportReporter -->
<testsuite hostname="GRD-LTP-119" failures="0" tests="1" name="com.absli.gps.masterpolicy.maker.page.testcases.TC_MPM_100_MasterPolicyWith5BenefitsAndRidersWithVariantTypeAsMosRMosRR" time="65.033" errors="0" timestamp="2024-08-09T15:54:04 IST" skipped="0">
  <testcase classname="com.absli.gps.masterpolicy.maker.page.testcases.TC_MPM_100_MasterPolicyWith5BenefitsAndRidersWithVariantTypeAsMosRMosRR" name="createAMasterPolicyWith5BenefitsAndRidersWithVariantTypeAsMosRMosRR" time="65.033"/>
</testsuite> <!-- com.absli.gps.masterpolicy.maker.page.testcases.TC_MPM_100_MasterPolicyWith5BenefitsAndRidersWithVariantTypeAsMosRMosRR -->
