<?xml version="1.0" encoding="UTF-8"?>
<!-- Generated by org.testng.reporters.JUnitReportReporter -->
<testsuite hostname="GRD-LTP-119" failures="0" tests="1" name="com.absli.gps.masterpolicy.maker.page.testcases.TC_MPM_124_MasterPolicyWith5BenefitsAndRidersWithVariantTypeAsGcsmRGcsmRR" time="79.127" errors="0" timestamp="2024-08-01T17:17:07 IST" skipped="0">
  <testcase classname="com.absli.gps.masterpolicy.maker.page.testcases.TC_MPM_124_MasterPolicyWith5BenefitsAndRidersWithVariantTypeAsGcsmRGcsmRR" name="createAMasterPolicyWith5BenefitsAndRidersWithVariantTypeAsGcsmRGcsmRR" time="79.127"/>
</testsuite> <!-- com.absli.gps.masterpolicy.maker.page.testcases.TC_MPM_124_MasterPolicyWith5BenefitsAndRidersWithVariantTypeAsGcsmRGcsmRR -->
