<?xml version="1.0" encoding="UTF-8"?>
<!-- Generated by org.testng.reporters.JUnitReportReporter -->
<testsuite hostname="GRD-LTP-119" failures="0" tests="1" name="com.absli.testCases.MasterPolicyDemo" time="111.287" errors="0" timestamp="2024-05-08T15:25:33 IST" skipped="0">
  <testcase classname="com.absli.testCases.MasterPolicyDemo" name="demoEx" time="111.287"/>
  <system-out/>
</testsuite> <!-- com.absli.testCases.MasterPolicyDemo -->
