<?xml version="1.0" encoding="UTF-8"?>
<!-- Generated by org.testng.reporters.JUnitReportReporter -->
<testsuite hostname="GRD-LTP-119" failures="0" tests="1" name="com.absli.gps.masterpolicy.maker.page.testcases.TC_MPM_078_MasterPolicyWith4BenefitsAndRidersWithVariantTypeAsFsgaRFsgaFsga" time="61.751" errors="0" timestamp="2024-08-09T14:03:38 IST" skipped="0">
  <testcase classname="com.absli.gps.masterpolicy.maker.page.testcases.TC_MPM_078_MasterPolicyWith4BenefitsAndRidersWithVariantTypeAsFsgaRFsgaFsga" name="createAMasterPolicyWith4BenefitsAndRidersWithVariantTypeAsFsgaRFsgaFsga" time="61.751"/>
</testsuite> <!-- com.absli.gps.masterpolicy.maker.page.testcases.TC_MPM_078_MasterPolicyWith4BenefitsAndRidersWithVariantTypeAsFsgaRFsgaFsga -->
