<?xml version="1.0" encoding="UTF-8"?>
<!-- Generated by org.testng.reporters.JUnitReportReporter -->
<testsuite hostname="GRD-LTP-119" failures="0" tests="1" name="com.absli.client.organization.testcases.ClientOrganizationWithGST" time="54.570" errors="0" timestamp="2024-07-03T10:54:37 IST" skipped="0">
  <testcase classname="com.absli.client.organization.testcases.ClientOrganizationWithGST" name="createClientWithMandatoryFieldsAndWithGST" time="54.570"/>
</testsuite> <!-- com.absli.client.organization.testcases.ClientOrganizationWithGST -->
