<?xml version="1.0" encoding="UTF-8"?>
<!-- Generated by org.testng.reporters.JUnitReportReporter -->
<testsuite hostname="GRD-LTP-119" failures="0" tests="1" name="com.absli.gps.underwriting.testcases.gpsUWDecision.TC_CUW_005_VerifyTheErrorPopupMessagesForDeclinedInCoreUW" time="22.109" errors="0" timestamp="2024-10-03T10:42:14 IST" skipped="0">
  <testcase classname="com.absli.gps.underwriting.testcases.gpsUWDecision.TC_CUW_005_VerifyTheErrorPopupMessagesForDeclinedInCoreUW" name="VerifyErrorPopupMessagesForPostponeInCoreUWPage" time="22.109"/>
</testsuite> <!-- com.absli.gps.underwriting.testcases.gpsUWDecision.TC_CUW_005_VerifyTheErrorPopupMessagesForDeclinedInCoreUW -->
