<?xml version="1.0" encoding="UTF-8"?>
<!-- Generated by org.testng.reporters.JUnitReportReporter -->
<testsuite hostname="GRD-LTP-119" failures="0" tests="1" name="com.absli.gps.masterpolicy.maker.page.testcases.TC_MPM_028_MasterPolicyWith6BenefitsAndRidersWithVariantTypeAsCRCCCC" time="65.897" errors="0" timestamp="2024-08-08T16:04:21 IST" skipped="0">
  <testcase classname="com.absli.gps.masterpolicy.maker.page.testcases.TC_MPM_028_MasterPolicyWith6BenefitsAndRidersWithVariantTypeAsCRCCCC" name="createAMasterPolicyWith6BenefitsAndRidersWithVariantTypeAsCRCCCC" time="65.897"/>
</testsuite> <!-- com.absli.gps.masterpolicy.maker.page.testcases.TC_MPM_028_MasterPolicyWith6BenefitsAndRidersWithVariantTypeAsCRCCCC -->
