<?xml version="1.0" encoding="UTF-8"?>
<!-- Generated by org.testng.reporters.JUnitReportReporter -->
<testsuite hostname="GRD-LTP-119" failures="0" tests="1" name="com.absli.gps.masterpolicy.maker.page.testcases.TC_MPM_068_MasterPolicyWith4BenefitsAndRidersWithVariantTypeAsFsaRRFsa" time="57.834" errors="0" timestamp="2024-08-09T12:16:45 IST" skipped="0">
  <testcase classname="com.absli.gps.masterpolicy.maker.page.testcases.TC_MPM_068_MasterPolicyWith4BenefitsAndRidersWithVariantTypeAsFsaRRFsa" name="createAMasterPolicyWith4BenefitsAndRidersWithVariantTypeAsFsaRRFsa" time="57.834"/>
</testsuite> <!-- com.absli.gps.masterpolicy.maker.page.testcases.TC_MPM_068_MasterPolicyWith4BenefitsAndRidersWithVariantTypeAsFsaRRFsa -->
