<?xml version="1.0" encoding="UTF-8"?>
<!-- Generated by org.testng.reporters.JUnitReportReporter -->
<testsuite hostname="GRD-LTP-119" failures="0" tests="1" name="com.absli.client.organization.testcases.TC_CO_001_ClientOrganizationWithOutGST" time="49.769" errors="0" timestamp="2024-06-19T10:03:47 IST" skipped="0">
  <testcase classname="com.absli.client.organization.testcases.TC_CO_001_ClientOrganizationWithOutGST" name="createClientWithMandatoryFieldsAndWithoutGST" time="49.769"/>
  <system-out/>
</testsuite> <!-- com.absli.client.organization.testcases.TC_CO_001_ClientOrganizationWithOutGST -->
