<?xml version="1.0" encoding="UTF-8"?>
<!-- Generated by org.testng.reporters.JUnitReportReporter -->
<testsuite hostname="GRD-LTP-119" failures="0" tests="1" name="com.absli.gps.masterpolicy.maker.page.testcases.TC_MPM_011_MasterPolicyWithMandatoryFieldsAndGradedCoverWithInBuiltRider" time="62.424" errors="0" timestamp="2024-08-08T14:40:48 IST" skipped="0">
  <testcase classname="com.absli.gps.masterpolicy.maker.page.testcases.TC_MPM_011_MasterPolicyWithMandatoryFieldsAndGradedCoverWithInBuiltRider" name="createAMasterPolicyWithMandatoryFieldsAndGradedCoverWithInBuiltRider" time="62.424"/>
</testsuite> <!-- com.absli.gps.masterpolicy.maker.page.testcases.TC_MPM_011_MasterPolicyWithMandatoryFieldsAndGradedCoverWithInBuiltRider -->
