<?xml version="1.0" encoding="UTF-8"?>
<!-- Generated by org.testng.reporters.JUnitReportReporter -->
<testsuite hostname="GRD-LTP-119" failures="0" tests="1" name="com.absli.gps.masterpolicy.maker.page.testcases.TC_MPM_014_MasterPolicyWithCustomerDefinedSAWithInBuiltRiderAndAdditionalRiderAsCustomerDefinedSA" time="56.010" errors="0" timestamp="2024-08-08T14:58:03 IST" skipped="0">
  <testcase classname="com.absli.gps.masterpolicy.maker.page.testcases.TC_MPM_014_MasterPolicyWithCustomerDefinedSAWithInBuiltRiderAndAdditionalRiderAsCustomerDefinedSA" name="createAMasterPolicyWithCustomerDefinedSAWithInBuiltRiderAndAdditionalRiderAsCustomerDefinedSA" time="56.010"/>
</testsuite> <!-- com.absli.gps.masterpolicy.maker.page.testcases.TC_MPM_014_MasterPolicyWithCustomerDefinedSAWithInBuiltRiderAndAdditionalRiderAsCustomerDefinedSA -->
