<?xml version="1.0" encoding="UTF-8"?>
<!-- Generated by org.testng.reporters.JUnitReportReporter -->
<testsuite hostname="GRD-LTP-119" failures="0" tests="1" name="com.absli.gps.underwriting.testcases.TC_CUW_005_VerifyTheErrorPopupMessagesForDeclinedInCoreUW" time="31.891" errors="0" timestamp="2024-10-01T15:53:54 IST" skipped="0">
  <testcase classname="com.absli.gps.underwriting.testcases.TC_CUW_005_VerifyTheErrorPopupMessagesForDeclinedInCoreUW" name="VerifyErrorPopupMessagesForPostponeInCoreUWPage" time="31.891"/>
</testsuite> <!-- com.absli.gps.underwriting.testcases.TC_CUW_005_VerifyTheErrorPopupMessagesForDeclinedInCoreUW -->
