<?xml version="1.0" encoding="UTF-8"?>
<!-- Generated by org.testng.reporters.JUnitReportReporter -->
<testsuite hostname="GRD-LTP-119" failures="0" tests="1" name="com.absli.gps.masterpolicy.maker.page.testcases.TC_MPM_128_VerifyTheErrorPopUpMessagesForCustomerDefinedSA" time="55.234" errors="0" timestamp="2024-09-02T09:09:30 IST" skipped="0">
  <testcase classname="com.absli.gps.masterpolicy.maker.page.testcases.TC_MPM_128_VerifyTheErrorPopUpMessagesForCustomerDefinedSA" name="verifyErrorPopUpMessagesForCustomerDefinedSA" time="55.234"/>
</testsuite> <!-- com.absli.gps.masterpolicy.maker.page.testcases.TC_MPM_128_VerifyTheErrorPopUpMessagesForCustomerDefinedSA -->
