<?xml version="1.0" encoding="UTF-8"?>
<!-- Generated by org.testng.reporters.JUnitReportReporter -->
<testsuite hostname="GRD-LTP-119" failures="0" tests="1" name="com.absli.gps.masterpolicy.maker.page.testcases.TC_MPM_131_VerifyTheErrorPopUpMessagesForFutureServiceGratuityAmount" time="57.121" errors="0" timestamp="2024-08-20T14:51:00 IST" skipped="0">
  <testcase classname="com.absli.gps.masterpolicy.maker.page.testcases.TC_MPM_131_VerifyTheErrorPopUpMessagesForFutureServiceGratuityAmount" name="verifyErrorPopUpMessagesForFutureServiceGratuityAmount" time="57.121"/>
</testsuite> <!-- com.absli.gps.masterpolicy.maker.page.testcases.TC_MPM_131_VerifyTheErrorPopUpMessagesForFutureServiceGratuityAmount -->
