<?xml version="1.0" encoding="UTF-8"?>
<!-- Generated by org.testng.reporters.JUnitReportReporter -->
<testsuite hostname="GRD-LTP-119" failures="0" tests="1" name="com.absli.gps.masterpolicy.maker.page.testcases.TC_MPM_127_VerifyTheErrorPopUpMessagesForRiderOnGPSOYRT_V09" time="52.486" errors="0" timestamp="2024-08-13T13:20:13 IST" skipped="0">
  <testcase classname="com.absli.gps.masterpolicy.maker.page.testcases.TC_MPM_127_VerifyTheErrorPopUpMessagesForRiderOnGPSOYRT_V09" name="verifyErrorPopUpMessagesForRiderOnGPSOYRT_V09" time="52.486"/>
</testsuite> <!-- com.absli.gps.masterpolicy.maker.page.testcases.TC_MPM_127_VerifyTheErrorPopUpMessagesForRiderOnGPSOYRT_V09 -->
