<?xml version="1.0" encoding="UTF-8"?>
<!-- Generated by org.testng.reporters.JUnitReportReporter -->
<testsuite hostname="GRD-LTP-119" failures="0" tests="1" name="com.absli.gps.underwriting.testcases.coreUW.TC_CUW_003_VerifyTheErrorPopupMessagesForRateUpDecisionInCoreUW" time="27.046" errors="0" timestamp="2024-10-03T16:21:15 IST" skipped="0">
  <testcase classname="com.absli.gps.underwriting.testcases.coreUW.TC_CUW_003_VerifyTheErrorPopupMessagesForRateUpDecisionInCoreUW" name="VerifyErrorPopupMessagesForRateUpDecisionInCoreUWPage" time="27.046"/>
</testsuite> <!-- com.absli.gps.underwriting.testcases.coreUW.TC_CUW_003_VerifyTheErrorPopupMessagesForRateUpDecisionInCoreUW -->
