<?xml version="1.0" encoding="UTF-8"?>
<!-- Generated by org.testng.reporters.JUnitReportReporter -->
<testsuite hostname="GRD-LTP-119" failures="0" tests="1" name="com.absli.gps.masterpolicy.maker.page.testcases.TC_MPM_076_MasterPolicyWith4BenefitsAndRidersWithVariantTypeAsGcRRGc" time="73.877" errors="0" timestamp="2024-08-09T13:56:36 IST" skipped="0">
  <testcase classname="com.absli.gps.masterpolicy.maker.page.testcases.TC_MPM_076_MasterPolicyWith4BenefitsAndRidersWithVariantTypeAsGcRRGc" name="createAMasterPolicyWith4BenefitsAndRidersWithVariantTypeAsGcRRGc" time="73.877"/>
</testsuite> <!-- com.absli.gps.masterpolicy.maker.page.testcases.TC_MPM_076_MasterPolicyWith4BenefitsAndRidersWithVariantTypeAsGcRRGc -->
