<?xml version="1.0" encoding="UTF-8"?>
<!-- Generated by org.testng.reporters.JUnitReportReporter -->
<testsuite hostname="GRD-LTP-119" failures="0" tests="4" name="com.absli.testCases.UnderwritingMedicalTestFunctionalityTest" time="83.642" errors="0" timestamp="2024-06-13T13:58:12 IST" skipped="0">
  <testcase classname="com.absli.testCases.UnderwritingMedicalTestFunctionalityTest" name="approveTheMemberToUnderwritingDetailsTest" time="19.192"/>
  <system-out/>
  <testcase classname="com.absli.testCases.UnderwritingMedicalTestFunctionalityTest" name="approveTheMemberToUnderwritingDetailsTest" time="21.714"/>
  <system-out/>
  <testcase classname="com.absli.testCases.UnderwritingMedicalTestFunctionalityTest" name="approveTheMemberToUnderwritingDetailsTest" time="24.376"/>
  <system-out/>
  <testcase classname="com.absli.testCases.UnderwritingMedicalTestFunctionalityTest" name="approveTheMemberToUnderwritingDetailsTest" time="18.360"/>
  <system-out/>
</testsuite> <!-- com.absli.testCases.UnderwritingMedicalTestFunctionalityTest -->
