<?xml version="1.0" encoding="UTF-8"?>
<!-- Generated by org.testng.reporters.JUnitReportReporter -->
<testsuite hostname="GRD-LTP-119" failures="0" tests="1" name="com.absli.gps.masterpolicy.maker.page.testcases.TC_MPM_060_MasterPolicyWith3BenefitsAndRidersWithVariantTypeAsGcRGc" time="100.842" errors="0" timestamp="2024-08-09T10:37:51 IST" skipped="0">
  <testcase classname="com.absli.gps.masterpolicy.maker.page.testcases.TC_MPM_060_MasterPolicyWith3BenefitsAndRidersWithVariantTypeAsGcRGc" name="createAMasterPolicyWith3BenefitsAndRidersWithVariantTypeAsGcRGc" time="100.842"/>
</testsuite> <!-- com.absli.gps.masterpolicy.maker.page.testcases.TC_MPM_060_MasterPolicyWith3BenefitsAndRidersWithVariantTypeAsGcRGc -->
