<?xml version="1.0" encoding="UTF-8"?>
<!-- Generated by org.testng.reporters.JUnitReportReporter -->
<testsuite hostname="GRD-LTP-119" failures="0" tests="1" name="com.absli.gps.masterpolicy.maker.page.testcases.TC_MPM_120_MasterPolicyWith5BenefitsAndRidersWithVariantTypeAsGcsmRRGcsmR" time="85.161" errors="0" timestamp="2024-08-01T16:03:12 IST" skipped="0">
  <testcase classname="com.absli.gps.masterpolicy.maker.page.testcases.TC_MPM_120_MasterPolicyWith5BenefitsAndRidersWithVariantTypeAsGcsmRRGcsmR" name="createAMasterPolicyWith5BenefitsAndRidersWithVariantTypeAsGcsmRRGcsmR" time="85.161"/>
</testsuite> <!-- com.absli.gps.masterpolicy.maker.page.testcases.TC_MPM_120_MasterPolicyWith5BenefitsAndRidersWithVariantTypeAsGcsmRRGcsmR -->
