<?xml version="1.0" encoding="UTF-8"?>
<!-- Generated by org.testng.reporters.JUnitReportReporter -->
<testsuite hostname="GRD-LTP-119" failures="0" tests="1" name="com.absli.gps.masterpolicy.maker.page.testcases.TC_MPM_112_MasterPolicyWith5BenefitsAndRidersWithVariantTypeAsFsgaRRFsgaR" time="73.513" errors="0" timestamp="2024-08-12T10:41:32 IST" skipped="0">
  <testcase classname="com.absli.gps.masterpolicy.maker.page.testcases.TC_MPM_112_MasterPolicyWith5BenefitsAndRidersWithVariantTypeAsFsgaRRFsgaR" name="createAMasterPolicyWith5BenefitsAndRidersWithVariantTypeAsFsgaRRFsgaR" time="73.513"/>
</testsuite> <!-- com.absli.gps.masterpolicy.maker.page.testcases.TC_MPM_112_MasterPolicyWith5BenefitsAndRidersWithVariantTypeAsFsgaRRFsgaR -->
