<?xml version="1.0" encoding="UTF-8"?>
<!-- Generated by org.testng.reporters.JUnitReportReporter -->
<testsuite hostname="GRD-LTP-119" failures="0" tests="1" name="com.absli.gps.masterpolicy.maker.page.testcases.VerifyTheErrorPopUpMessagesInMasterPolicyMakerPage" time="83.621" errors="0" timestamp="2024-08-07T14:15:50 IST" skipped="0">
  <testcase classname="com.absli.gps.masterpolicy.maker.page.testcases.VerifyTheErrorPopUpMessagesInMasterPolicyMakerPage" name="verifyErrorPopUpMessagesInMasterPolicyMakerPage" time="83.621"/>
</testsuite> <!-- com.absli.gps.masterpolicy.maker.page.testcases.VerifyTheErrorPopUpMessagesInMasterPolicyMakerPage -->
