<?xml version="1.0" encoding="UTF-8"?>
<!-- Generated by org.testng.reporters.JUnitReportReporter -->
<testsuite hostname="GRD-LTP-119" failures="0" tests="1" name="com.absli.gps.masterpolicy.maker.page.testcases.TC_MPM_006_MasterPolicyMakerWithGPSBaseBenefitAndCustomerDefinedSAWithRider" time="51.531" errors="0" timestamp="2024-08-08T11:55:59 IST" skipped="0">
  <testcase classname="com.absli.gps.masterpolicy.maker.page.testcases.TC_MPM_006_MasterPolicyMakerWithGPSBaseBenefitAndCustomerDefinedSAWithRider" name="createAMasterPolicyWithRider" time="51.531"/>
</testsuite> <!-- com.absli.gps.masterpolicy.maker.page.testcases.TC_MPM_006_MasterPolicyMakerWithGPSBaseBenefitAndCustomerDefinedSAWithRider -->
