<?xml version="1.0" encoding="UTF-8"?>
<!-- Generated by org.testng.reporters.JUnitReportReporter -->
<testsuite hostname="GRD-LTP-119" failures="0" tests="1" name="com.absli.gps.masterpolicy.maker.page.testcases.TC_MPM_101_MasterPolicyWith5BenefitsAndRidersWithVariantTypeAsMosRRRR" time="62.313" errors="0" timestamp="2024-08-09T15:56:47 IST" skipped="0">
  <testcase classname="com.absli.gps.masterpolicy.maker.page.testcases.TC_MPM_101_MasterPolicyWith5BenefitsAndRidersWithVariantTypeAsMosRRRR" name="createAMasterPolicyWith5BenefitsAndRidersWithVariantTypeAsMosRRRR" time="62.313"/>
</testsuite> <!-- com.absli.gps.masterpolicy.maker.page.testcases.TC_MPM_101_MasterPolicyWith5BenefitsAndRidersWithVariantTypeAsMosRRRR -->
