<?xml version="1.0" encoding="UTF-8"?>
<!-- Generated by org.testng.reporters.JUnitReportReporter -->
<testsuite hostname="GRD-LTP-119" failures="0" tests="1" name="com.absli.gss.masterpolicy.maker.page.testcases.GSSMasterPolicy" time="68.033" errors="0" timestamp="2024-07-09T16:09:10 IST" skipped="0">
  <testcase classname="com.absli.gss.masterpolicy.maker.page.testcases.GSSMasterPolicy" name="createAMasterPolicy" time="68.033"/>
</testsuite> <!-- com.absli.gss.masterpolicy.maker.page.testcases.GSSMasterPolicy -->
