<?xml version="1.0" encoding="UTF-8"?>
<!-- Generated by org.testng.reporters.JUnitReportReporter -->
<testsuite hostname="GRD-LTP-119" failures="0" tests="1" name="com.absli.gps.masterpolicy.maker.page.testcases.TC_MPM_072_MasterPolicyWith4BenefitsAndRidersWithVariantTypeAsMosRRMos" time="61.173" errors="0" timestamp="2024-08-09T13:35:47 IST" skipped="0">
  <testcase classname="com.absli.gps.masterpolicy.maker.page.testcases.TC_MPM_072_MasterPolicyWith4BenefitsAndRidersWithVariantTypeAsMosRRMos" name="createAMasterPolicyWith4BenefitsAndRidersWithVariantTypeAsMosRRMos" time="61.173"/>
</testsuite> <!-- com.absli.gps.masterpolicy.maker.page.testcases.TC_MPM_072_MasterPolicyWith4BenefitsAndRidersWithVariantTypeAsMosRRMos -->
