<?xml version="1.0" encoding="UTF-8"?>
<!-- Generated by org.testng.reporters.JUnitReportReporter -->
<testsuite hostname="GRD-LTP-119" failures="0" tests="1" name="com.absli.gps.masterpolicy.maker.page.testcases.TC_MPM_043_MasterPolicyWithMQquestionnaireAndVariantTypeAsVariableTypeSumAssured" time="56.029" errors="0" timestamp="2024-07-10T15:05:10 IST" skipped="0">
  <testcase classname="com.absli.gps.masterpolicy.maker.page.testcases.TC_MPM_043_MasterPolicyWithMQquestionnaireAndVariantTypeAsVariableTypeSumAssured" name="createAMasterPolicyWithMQquestionnaireAndVariantTypeAsVariableTypeSumAssured" time="56.029"/>
</testsuite> <!-- com.absli.gps.masterpolicy.maker.page.testcases.TC_MPM_043_MasterPolicyWithMQquestionnaireAndVariantTypeAsVariableTypeSumAssured -->
