<?xml version="1.0" encoding="UTF-8"?>
<!-- Generated by org.testng.reporters.JUnitReportReporter -->
<testsuite hostname="GRD-LTP-119" failures="0" tests="1" name="com.absli.testCases.MasterPolicyMakerDemo" time="111.765" errors="0" timestamp="2024-05-13T16:38:44 IST" skipped="0">
  <testcase classname="com.absli.testCases.MasterPolicyMakerDemo" name="masterPolicyMakerDemo" time="111.765"/>
  <system-out/>
</testsuite> <!-- com.absli.testCases.MasterPolicyMakerDemo -->
