<?xml version="1.0" encoding="UTF-8"?>
<!-- Generated by org.testng.reporters.JUnitReportReporter -->
<testsuite hostname="GRD-LTP-119" failures="0" tests="1" name="com.absli.gps.masterpolicy.maker.page.testcases.ErrorPopupMessage" time="50.660" errors="0" timestamp="2024-08-12T11:36:23 IST" skipped="0">
  <testcase classname="com.absli.gps.masterpolicy.maker.page.testcases.ErrorPopupMessage" name="captureTheErrorPopupMessage" time="50.660"/>
</testsuite> <!-- com.absli.gps.masterpolicy.maker.page.testcases.ErrorPopupMessage -->
