<?xml version="1.0" encoding="UTF-8"?>
<!-- Generated by org.testng.reporters.JUnitReportReporter -->
<testsuite hostname="GRD-LTP-119" failures="0" tests="1" name="com.absli.gby.master.policy.checker.page.testcases.MasterPolicyCheckerFunctionalityTest" time="28.333" errors="0" timestamp="2024-06-24T15:41:27 IST" skipped="0">
  <testcase classname="com.absli.gby.master.policy.checker.page.testcases.MasterPolicyCheckerFunctionalityTest" name="masterPolicyCheckerPage" time="28.333"/>
</testsuite> <!-- com.absli.gby.master.policy.checker.page.testcases.MasterPolicyCheckerFunctionalityTest -->
