<?xml version="1.0" encoding="UTF-8"?>
<!-- Generated by org.testng.reporters.JUnitReportReporter -->
<testsuite hostname="GRD-LTP-119" failures="0" tests="1" name="com.absli.gps.masterpolicy.maker.page.testcases.TC_MPM_083_MasterPolicyWith4BenefitsAndRidersWithVariantTypeAsGcsmRGcsmR" time="79.019" errors="0" timestamp="2024-08-09T14:18:54 IST" skipped="0">
  <testcase classname="com.absli.gps.masterpolicy.maker.page.testcases.TC_MPM_083_MasterPolicyWith4BenefitsAndRidersWithVariantTypeAsGcsmRGcsmR" name="createAMasterPolicyWith4BenefitsAndRidersWithVariantTypeAsGcsmRGcsmR" time="79.019"/>
</testsuite> <!-- com.absli.gps.masterpolicy.maker.page.testcases.TC_MPM_083_MasterPolicyWith4BenefitsAndRidersWithVariantTypeAsGcsmRGcsmR -->
