<?xml version="1.0" encoding="UTF-8"?>
<!-- Generated by org.testng.reporters.JUnitReportReporter -->
<testsuite hostname="GRD-LTP-119" failures="0" tests="1" name="com.absli.gps.masterpolicy.maker.page.testcases.TC_MPM_117_MasterPolicyWith5BenefitsAndRidersWithVariantTypeAsFsgaRRRR" time="64.500" errors="0" timestamp="2024-08-12T11:15:04 IST" skipped="0">
  <testcase classname="com.absli.gps.masterpolicy.maker.page.testcases.TC_MPM_117_MasterPolicyWith5BenefitsAndRidersWithVariantTypeAsFsgaRRRR" name="createAMasterPolicyWith5BenefitsAndRidersWithVariantTypeAsFsgaRRRR" time="64.500"/>
</testsuite> <!-- com.absli.gps.masterpolicy.maker.page.testcases.TC_MPM_117_MasterPolicyWith5BenefitsAndRidersWithVariantTypeAsFsgaRRRR -->
