<?xml version="1.0" encoding="UTF-8"?>
<!-- Generated by org.testng.reporters.JUnitReportReporter -->
<testsuite hostname="GRD-LTP-119" failures="0" tests="1" name="com.absli.gps.masterpolicy.maker.page.testcases.TC_MPM_021_MasterPolicyWith5BenefitsAndRidersWithVariantTypeAsCRCRC" time="64.775" errors="0" timestamp="2024-08-08T15:32:14 IST" skipped="0">
  <testcase classname="com.absli.gps.masterpolicy.maker.page.testcases.TC_MPM_021_MasterPolicyWith5BenefitsAndRidersWithVariantTypeAsCRCRC" name="createAMasterPolicyWith4BenefitsAndRidersWithVariantTypeAsCRCRC" time="64.775"/>
</testsuite> <!-- com.absli.gps.masterpolicy.maker.page.testcases.TC_MPM_021_MasterPolicyWith5BenefitsAndRidersWithVariantTypeAsCRCRC -->
