<?xml version="1.0" encoding="UTF-8"?>
<!-- Generated by org.testng.reporters.JUnitReportReporter -->
<testsuite hostname="GRD-LTP-119" failures="0" tests="1" name="com.absli.gps.masterpolicy.maker.page.testcases.TC_MPM_132_VerifyTheErrorPopUpMessagesForGradedCoverSalaryMultiple" time="56.449" errors="0" timestamp="2024-08-20T15:37:26 IST" skipped="0">
  <testcase classname="com.absli.gps.masterpolicy.maker.page.testcases.TC_MPM_132_VerifyTheErrorPopUpMessagesForGradedCoverSalaryMultiple" name="verifyErrorPopUpMessagesForGradedCoverSalaryMultiple" time="56.449"/>
</testsuite> <!-- com.absli.gps.masterpolicy.maker.page.testcases.TC_MPM_132_VerifyTheErrorPopUpMessagesForGradedCoverSalaryMultiple -->
