<?xml version="1.0" encoding="UTF-8"?>
<!-- Generated by org.testng.reporters.JUnitReportReporter -->
<testsuite hostname="GRD-LTP-119" failures="0" tests="1" name="com.absli.gps.masterpolicy.maker.page.testcases.TC_MPM_126_VerifyTheErrorPopUpMessagesForMandatoryFieldsAndFlatSumAssuredWithInbuildRider" time="130.220" errors="0" timestamp="2024-09-24T10:01:34 IST" skipped="0">
  <testcase classname="com.absli.gps.masterpolicy.maker.page.testcases.TC_MPM_126_VerifyTheErrorPopUpMessagesForMandatoryFieldsAndFlatSumAssuredWithInbuildRider" name="verifyErrorPopUpMessagesForMandatoryFieldsAndFlatSumAssuredAndRider" time="130.220"/>
</testsuite> <!-- com.absli.gps.masterpolicy.maker.page.testcases.TC_MPM_126_VerifyTheErrorPopUpMessagesForMandatoryFieldsAndFlatSumAssuredWithInbuildRider -->
